[ 2017-11-20T08:19:23+08:00 ] 106.11.227.151 /
NOTIC: [8] Use of undefined constant SHOW_PAGE_TRACE - assumed 'SHOW_PAGE_TRACE' /data/www/cms.joyfamily.com.cn/App/Common/Conf/debug.php 第 4 行.
INFO: [ app_init ] --START--
INFO: Run Behavior\BuildLiteBehavior [ RunTime:0.000014s ]
INFO: [ app_init ] --END-- [ RunTime:0.000057s ]

[ 2017-11-20T08:19:23+08:00 ] 106.11.227.108 /
NOTIC: [8] Use of undefined constant SHOW_PAGE_TRACE - assumed 'SHOW_PAGE_TRACE' /data/www/cms.joyfamily.com.cn/App/Common/Conf/debug.php 第 4 行.
INFO: [ app_init ] --START--
INFO: Run Behavior\BuildLiteBehavior [ RunTime:0.000014s ]
INFO: [ app_init ] --END-- [ RunTime:0.000062s ]

[ 2017-11-20T12:24:22+08:00 ] 79.165.161.119 /index.php/Admin/Index/index.html
NOTIC: [8] Use of undefined constant SHOW_PAGE_TRACE - assumed 'SHOW_PAGE_TRACE' /data/www/cms.joyfamily.com.cn/App/Common/Conf/debug.php 第 4 行.
INFO: [ app_init ] --START--
INFO: Run Behavior\BuildLiteBehavior [ RunTime:0.000014s ]
INFO: [ app_init ] --END-- [ RunTime:0.000056s ]

[ 2017-11-20T12:24:23+08:00 ] 79.165.161.119 /index.php/Admin/Login/index.html
NOTIC: [8] Use of undefined constant SHOW_PAGE_TRACE - assumed 'SHOW_PAGE_TRACE' /data/www/cms.joyfamily.com.cn/App/Common/Conf/debug.php 第 4 行.
INFO: [ app_init ] --START--
INFO: Run Behavior\BuildLiteBehavior [ RunTime:0.000012s ]
INFO: [ app_init ] --END-- [ RunTime:0.000048s ]

[ 2017-11-20T12:24:24+08:00 ] 79.165.161.119 /index.php/Admin/Login/lib/jquery/1.9.1/jquery.min.js
NOTIC: [8] Use of undefined constant SHOW_PAGE_TRACE - assumed 'SHOW_PAGE_TRACE' /data/www/cms.joyfamily.com.cn/App/Common/Conf/debug.php 第 4 行.
INFO: [ app_init ] --START--
INFO: Run Behavior\BuildLiteBehavior [ RunTime:0.000012s ]
INFO: [ app_init ] --END-- [ RunTime:0.000042s ]
ERR: 非法操作:lib

[ 2017-11-20T12:24:24+08:00 ] 79.165.161.119 /index.php/Admin/Login/static/h-ui/js/H-ui.min.js
NOTIC: [8] Use of undefined constant SHOW_PAGE_TRACE - assumed 'SHOW_PAGE_TRACE' /data/www/cms.joyfamily.com.cn/App/Common/Conf/debug.php 第 4 行.
INFO: [ app_init ] --START--
INFO: Run Behavior\BuildLiteBehavior [ RunTime:0.000012s ]
INFO: [ app_init ] --END-- [ RunTime:0.000047s ]
ERR: 非法操作:static

