[ 2017-11-17T08:24:00+08:00 ] 109.63.192.121 /index.php/Admin/Index/index.html
NOTIC: [8] Use of undefined constant SHOW_PAGE_TRACE - assumed 'SHOW_PAGE_TRACE' /data/www/cms.joyfamily.com.cn/App/Common/Conf/debug.php 第 4 行.
INFO: [ app_init ] --START--
INFO: Run Behavior\BuildLiteBehavior [ RunTime:0.000019s ]
INFO: [ app_init ] --END-- [ RunTime:0.000078s ]

[ 2017-11-17T08:24:01+08:00 ] 109.63.192.121 /index.php/Admin/Login/index.html
NOTIC: [8] Use of undefined constant SHOW_PAGE_TRACE - assumed 'SHOW_PAGE_TRACE' /data/www/cms.joyfamily.com.cn/App/Common/Conf/debug.php 第 4 行.
INFO: [ app_init ] --START--
INFO: Run Behavior\BuildLiteBehavior [ RunTime:0.000012s ]
INFO: [ app_init ] --END-- [ RunTime:0.000049s ]

[ 2017-11-17T08:24:02+08:00 ] 109.63.192.121 /index.php/Admin/Login/code.html
NOTIC: [8] Use of undefined constant SHOW_PAGE_TRACE - assumed 'SHOW_PAGE_TRACE' /data/www/cms.joyfamily.com.cn/App/Common/Conf/debug.php 第 4 行.
INFO: [ app_init ] --START--
INFO: Run Behavior\BuildLiteBehavior [ RunTime:0.000010s ]
INFO: [ app_init ] --END-- [ RunTime:0.000043s ]

[ 2017-11-17T08:24:02+08:00 ] 109.63.192.121 /index.php/Admin/Login/lib/jquery/1.9.1/jquery.min.js
NOTIC: [8] Use of undefined constant SHOW_PAGE_TRACE - assumed 'SHOW_PAGE_TRACE' /data/www/cms.joyfamily.com.cn/App/Common/Conf/debug.php 第 4 行.
INFO: [ app_init ] --START--
INFO: Run Behavior\BuildLiteBehavior [ RunTime:0.000011s ]
INFO: [ app_init ] --END-- [ RunTime:0.000044s ]
ERR: 非法操作:lib

[ 2017-11-17T08:24:02+08:00 ] 109.63.192.121 /index.php/Admin/Login/static/h-ui/js/H-ui.min.js
NOTIC: [8] Use of undefined constant SHOW_PAGE_TRACE - assumed 'SHOW_PAGE_TRACE' /data/www/cms.joyfamily.com.cn/App/Common/Conf/debug.php 第 4 行.
INFO: [ app_init ] --START--
INFO: Run Behavior\BuildLiteBehavior [ RunTime:0.000013s ]
INFO: [ app_init ] --END-- [ RunTime:0.000056s ]
ERR: 非法操作:static

[ 2017-11-17T08:31:27+08:00 ] 106.11.225.207 /
NOTIC: [8] Use of undefined constant SHOW_PAGE_TRACE - assumed 'SHOW_PAGE_TRACE' /data/www/cms.joyfamily.com.cn/App/Common/Conf/debug.php 第 4 行.
INFO: [ app_init ] --START--
INFO: Run Behavior\BuildLiteBehavior [ RunTime:0.000013s ]
INFO: [ app_init ] --END-- [ RunTime:0.000051s ]

[ 2017-11-17T08:31:27+08:00 ] 106.11.225.79 /
NOTIC: [8] Use of undefined constant SHOW_PAGE_TRACE - assumed 'SHOW_PAGE_TRACE' /data/www/cms.joyfamily.com.cn/App/Common/Conf/debug.php 第 4 行.
INFO: [ app_init ] --START--
INFO: Run Behavior\BuildLiteBehavior [ RunTime:0.000011s ]
INFO: [ app_init ] --END-- [ RunTime:0.000044s ]

[ 2017-11-17T10:36:11+08:00 ] 183.57.53.196 /index.php/Admin/Login/code.html
NOTIC: [8] Use of undefined constant SHOW_PAGE_TRACE - assumed 'SHOW_PAGE_TRACE' /data/www/cms.joyfamily.com.cn/App/Common/Conf/debug.php 第 4 行.
INFO: [ app_init ] --START--
INFO: Run Behavior\BuildLiteBehavior [ RunTime:0.000017s ]
INFO: [ app_init ] --END-- [ RunTime:0.000128s ]

