[ 2017-12-15T16:28:09+08:00 ] 127.0.0.1 127.0.0.1 GET /index.php/api/v2/order/1
[ log ] artists.com/index.php/api/v2/order/1 [运行时间：0.268665s][吞吐率：3.72req/s] [内存消耗：5,045.88kb] [文件加载：54]

---------------------------------------------------------------
[ 2017-12-15T16:29:01+08:00 ] ::1 ::1 GET /index.php/api/v2/order/1
[ log ] artists.com/index.php/api/v2/order/1 [运行时间：0.268588s][吞吐率：3.72req/s] [内存消耗：5,046.63kb] [文件加载：54]

---------------------------------------------------------------
[ 2017-12-15T16:40:01+08:00 ] ::1 ::1 GET /index.php/api/v2/order/1
[ log ] artists.com/index.php/api/v2/order/1 [运行时间：0.301990s][吞吐率：3.31req/s] [内存消耗：5,045.87kb] [文件加载：54]

---------------------------------------------------------------
[ 2017-12-15T16:45:59+08:00 ] ::1 ::1 GET /index.php/api/v2/order/by_checker/AC09013517844701
[ log ] artists.com/index.php/api/v2/order/by_checker/AC09013517844701 [运行时间：0.233908s][吞吐率：4.28req/s] [内存消耗：4,735.87kb] [文件加载：51]

---------------------------------------------------------------
[ 2017-12-15T17:01:45+08:00 ] ::1 ::1 GET /index.php/api/v2/order/check_status?order_no=%27AC09013517844701%27&status=0
[ log ] artists.com/index.php/api/v2/order/check_status?order_no=%27AC09013517844701%27&status=0 [运行时间：0.239908s][吞吐率：4.17req/s] [内存消耗：4,733.13kb] [文件加载：51]

---------------------------------------------------------------
[ 2017-12-15T17:02:40+08:00 ] ::1 ::1 GET /index.php/api/v2/order/check_status?order_no=%27AC09013517844701%27&status=0
[ log ] artists.com/index.php/api/v2/order/check_status?order_no=%27AC09013517844701%27&status=0 [运行时间：0.264874s][吞吐率：3.78req/s] [内存消耗：4,733.13kb] [文件加载：51]

---------------------------------------------------------------
[ 2017-12-15T17:04:45+08:00 ] ::1 ::1 GET /index.php/api/v2/order/check_status?order_no=%22AC09013517844701%22&status=0
[ log ] artists.com/index.php/api/v2/order/check_status?order_no=%22AC09013517844701%22&status=0 [运行时间：0.212141s][吞吐率：4.71req/s] [内存消耗：4,733.13kb] [文件加载：51]

---------------------------------------------------------------
[ 2017-12-15T17:04:59+08:00 ] ::1 ::1 GET /index.php/api/v2/order/check_status?order_no=%22AC09013517844701%22&status=0
[ log ] artists.com/index.php/api/v2/order/check_status?order_no=%22AC09013517844701%22&status=0 [运行时间：0.222159s][吞吐率：4.50req/s] [内存消耗：4,733.30kb] [文件加载：51]

---------------------------------------------------------------
[ 2017-12-15T17:13:04+08:00 ] ::1 ::1 GET /index.php/api/v2/order/check_status?order_no=AC09013517844701&status=2
[ log ] artists.com/index.php/api/v2/order/check_status?order_no=AC09013517844701&status=2 [运行时间：0.148057s][吞吐率：6.75req/s] [内存消耗：4,736.37kb] [文件加载：51]

---------------------------------------------------------------
[ 2017-12-15T17:15:17+08:00 ] ::1 ::1 GET /index.php/api/v2/order/check_status?order_no=AC09013517844701&status=1
[ log ] artists.com/index.php/api/v2/order/check_status?order_no=AC09013517844701&status=1 [运行时间：0.224469s][吞吐率：4.45req/s] [内存消耗：4,722.88kb] [文件加载：51]

---------------------------------------------------------------
[ 2017-12-15T17:17:46+08:00 ] ::1 ::1 GET /index.php/api/v2/order/check_status?order_no=AC09013517844701&status=3
[ log ] artists.com/index.php/api/v2/order/check_status?order_no=AC09013517844701&status=3 [运行时间：0.184560s][吞吐率：5.42req/s] [内存消耗：4,722.88kb] [文件加载：51]

---------------------------------------------------------------
[ 2017-12-15T17:17:55+08:00 ] ::1 ::1 GET /index.php/api/v2/order/check_status?order_no=AC09013517844701&status=3
[ log ] artists.com/index.php/api/v2/order/check_status?order_no=AC09013517844701&status=3 [运行时间：0.157408s][吞吐率：6.35req/s] [内存消耗：4,736.16kb] [文件加载：51]

---------------------------------------------------------------
[ 2017-12-15T17:19:19+08:00 ] ::1 ::1 GET /index.php/api/v2/order/check_status?order_no=AC09013517844701&status=3
[ log ] artists.com/index.php/api/v2/order/check_status?order_no=AC09013517844701&status=3 [运行时间：0.145565s][吞吐率：6.87req/s] [内存消耗：4,736.45kb] [文件加载：51]

---------------------------------------------------------------
[ 2017-12-15T18:58:38+08:00 ] ::1 ::1 GET /index.php/api/v2/order/by_user?admin_id=1
[ log ] artists.com/index.php/api/v2/order/by_user?admin_id=1 [运行时间：0.290339s][吞吐率：3.44req/s] [内存消耗：5,250.73kb] [文件加载：58]

---------------------------------------------------------------
