[ 2017-10-16T10:23:46+08:00 ] ::1 /Data/UploadFiles/product/20171011/1507689905183591.jpg
NOTIC: [8] Use of undefined constant SHOW_PAGE_TRACE - assumed 'SHOW_PAGE_TRACE' /Applications/MAMP/htdocs/CMS-miniprogram/shop/App/Common/Conf/debug.php 第 4 行.
INFO: [ app_init ] --START--
INFO: Run Behavior\BuildLiteBehavior [ RunTime:0.000068s ]
INFO: [ app_init ] --END-- [ RunTime:0.000249s ]
ERR: 无法加载模块:Data

[ 2017-10-16T10:23:46+08:00 ] ::1 /Data/UploadFiles/product/20171011/1507689886569945.jpg
NOTIC: [8] Use of undefined constant SHOW_PAGE_TRACE - assumed 'SHOW_PAGE_TRACE' /Applications/MAMP/htdocs/CMS-miniprogram/shop/App/Common/Conf/debug.php 第 4 行.
INFO: [ app_init ] --START--
INFO: Run Behavior\BuildLiteBehavior [ RunTime:0.000071s ]
INFO: [ app_init ] --END-- [ RunTime:0.000255s ]
ERR: 无法加载模块:Data

[ 2017-10-16T10:23:46+08:00 ] ::1 /Data/UploadFiles/product/20171011/1507689864657758.jpg
NOTIC: [8] Use of undefined constant SHOW_PAGE_TRACE - assumed 'SHOW_PAGE_TRACE' /Applications/MAMP/htdocs/CMS-miniprogram/shop/App/Common/Conf/debug.php 第 4 行.
INFO: [ app_init ] --START--
INFO: Run Behavior\BuildLiteBehavior [ RunTime:0.000038s ]
INFO: [ app_init ] --END-- [ RunTime:0.005293s ]
ERR: 无法加载模块:Data

[ 2017-10-16T10:23:46+08:00 ] ::1 /Data/UploadFiles/product/20171011/1507689813265184.jpg
NOTIC: [8] Use of undefined constant SHOW_PAGE_TRACE - assumed 'SHOW_PAGE_TRACE' /Applications/MAMP/htdocs/CMS-miniprogram/shop/App/Common/Conf/debug.php 第 4 行.
INFO: [ app_init ] --START--
INFO: Run Behavior\BuildLiteBehavior [ RunTime:0.000055s ]
INFO: [ app_init ] --END-- [ RunTime:0.000223s ]
ERR: 无法加载模块:Data

[ 2017-10-16T10:23:46+08:00 ] ::1 /Data/UploadFiles/product/20171011/1507689670436745.jpg
NOTIC: [8] Use of undefined constant SHOW_PAGE_TRACE - assumed 'SHOW_PAGE_TRACE' /Applications/MAMP/htdocs/CMS-miniprogram/shop/App/Common/Conf/debug.php 第 4 行.
INFO: [ app_init ] --START--
INFO: Run Behavior\BuildLiteBehavior [ RunTime:0.000382s ]
INFO: [ app_init ] --END-- [ RunTime:0.000574s ]
ERR: 无法加载模块:Data

[ 2017-10-16T10:23:46+08:00 ] ::1 /Data/UploadFiles/product/20171011/1507689787945712.jpg
NOTIC: [8] Use of undefined constant SHOW_PAGE_TRACE - assumed 'SHOW_PAGE_TRACE' /Applications/MAMP/htdocs/CMS-miniprogram/shop/App/Common/Conf/debug.php 第 4 行.
INFO: [ app_init ] --START--
INFO: Run Behavior\BuildLiteBehavior [ RunTime:0.000052s ]
INFO: [ app_init ] --END-- [ RunTime:0.000211s ]
ERR: 无法加载模块:Data

[ 2017-10-16T10:23:46+08:00 ] ::1 /Data/UploadFiles/product/20171011/1507689537464455.jpg
NOTIC: [8] Use of undefined constant SHOW_PAGE_TRACE - assumed 'SHOW_PAGE_TRACE' /Applications/MAMP/htdocs/CMS-miniprogram/shop/App/Common/Conf/debug.php 第 4 行.
INFO: [ app_init ] --START--
INFO: Run Behavior\BuildLiteBehavior [ RunTime:0.000033s ]
INFO: [ app_init ] --END-- [ RunTime:0.000171s ]
ERR: 无法加载模块:Data

[ 2017-10-16T10:23:46+08:00 ] ::1 /Data/UploadFiles/product/20171011/1507689354723466.jpg
NOTIC: [8] Use of undefined constant SHOW_PAGE_TRACE - assumed 'SHOW_PAGE_TRACE' /Applications/MAMP/htdocs/CMS-miniprogram/shop/App/Common/Conf/debug.php 第 4 行.
INFO: [ app_init ] --START--
INFO: Run Behavior\BuildLiteBehavior [ RunTime:0.000035s ]
INFO: [ app_init ] --END-- [ RunTime:0.000177s ]
ERR: 无法加载模块:Data

[ 2017-10-16T10:23:46+08:00 ] ::1 /Data/UploadFiles/product/20171011/1507688828312781.jpg
NOTIC: [8] Use of undefined constant SHOW_PAGE_TRACE - assumed 'SHOW_PAGE_TRACE' /Applications/MAMP/htdocs/CMS-miniprogram/shop/App/Common/Conf/debug.php 第 4 行.
INFO: [ app_init ] --START--
INFO: Run Behavior\BuildLiteBehavior [ RunTime:0.000035s ]
INFO: [ app_init ] --END-- [ RunTime:0.000190s ]
ERR: 无法加载模块:Data

[ 2017-10-16T10:23:51+08:00 ] ::1 /Public/static/h-ui.admin/js/comment.js
NOTIC: [8] Use of undefined constant SHOW_PAGE_TRACE - assumed 'SHOW_PAGE_TRACE' /Applications/MAMP/htdocs/CMS-miniprogram/shop/App/Common/Conf/debug.php 第 4 行.
INFO: [ app_init ] --START--
INFO: Run Behavior\BuildLiteBehavior [ RunTime:0.000023s ]
INFO: [ app_init ] --END-- [ RunTime:0.000120s ]
ERR: 无法加载模块:Public

