[ 2017-12-15T10:56:28+08:00 ] ::1 /Data/UploadFiles/product/20171011/1507689886569945.jpg
NOTIC: [8] Use of undefined constant SHOW_PAGE_TRACE - assumed 'SHOW_PAGE_TRACE' /Applications/MAMP/htdocs/CMS-miniprogram/shop/App/Common/Conf/debug.php 第 4 行.
INFO: [ app_init ] --START--
INFO: Run Behavior\BuildLiteBehavior [ RunTime:0.000064s ]
INFO: [ app_init ] --END-- [ RunTime:0.000386s ]
ERR: 无法加载模块:Data

[ 2017-12-15T10:56:28+08:00 ] ::1 /Data/UploadFiles/product/20171011/1507689813265184.jpg
NOTIC: [8] Use of undefined constant SHOW_PAGE_TRACE - assumed 'SHOW_PAGE_TRACE' /Applications/MAMP/htdocs/CMS-miniprogram/shop/App/Common/Conf/debug.php 第 4 行.
INFO: [ app_init ] --START--
INFO: Run Behavior\BuildLiteBehavior [ RunTime:0.002765s ]
INFO: [ app_init ] --END-- [ RunTime:0.003146s ]
ERR: 无法加载模块:Data

[ 2017-12-15T10:56:28+08:00 ] ::1 /Data/UploadFiles/product/20171011/1507689787945712.jpg
NOTIC: [8] Use of undefined constant SHOW_PAGE_TRACE - assumed 'SHOW_PAGE_TRACE' /Applications/MAMP/htdocs/CMS-miniprogram/shop/App/Common/Conf/debug.php 第 4 行.
INFO: [ app_init ] --START--
INFO: Run Behavior\BuildLiteBehavior [ RunTime:0.000070s ]
INFO: [ app_init ] --END-- [ RunTime:0.000391s ]
ERR: 无法加载模块:Data

[ 2017-12-15T10:56:28+08:00 ] ::1 /Data/UploadFiles/product/20171011/1507689864657758.jpg
NOTIC: [8] Use of undefined constant SHOW_PAGE_TRACE - assumed 'SHOW_PAGE_TRACE' /Applications/MAMP/htdocs/CMS-miniprogram/shop/App/Common/Conf/debug.php 第 4 行.
INFO: [ app_init ] --START--
INFO: Run Behavior\BuildLiteBehavior [ RunTime:0.000063s ]
INFO: [ app_init ] --END-- [ RunTime:0.000376s ]
ERR: 无法加载模块:Data

[ 2017-12-15T10:56:28+08:00 ] ::1 /Data/UploadFiles/product/20171011/1507689905183591.jpg
NOTIC: [8] Use of undefined constant SHOW_PAGE_TRACE - assumed 'SHOW_PAGE_TRACE' /Applications/MAMP/htdocs/CMS-miniprogram/shop/App/Common/Conf/debug.php 第 4 行.
INFO: [ app_init ] --START--
INFO: Run Behavior\BuildLiteBehavior [ RunTime:0.000058s ]
INFO: [ app_init ] --END-- [ RunTime:0.000266s ]
ERR: 无法加载模块:Data

[ 2017-12-15T10:56:28+08:00 ] ::1 /Data/UploadFiles/product/20171011/1507689670436745.jpg
NOTIC: [8] Use of undefined constant SHOW_PAGE_TRACE - assumed 'SHOW_PAGE_TRACE' /Applications/MAMP/htdocs/CMS-miniprogram/shop/App/Common/Conf/debug.php 第 4 行.
INFO: [ app_init ] --START--
INFO: Run Behavior\BuildLiteBehavior [ RunTime:0.000042s ]
INFO: [ app_init ] --END-- [ RunTime:0.000233s ]
ERR: 无法加载模块:Data

[ 2017-12-15T10:56:28+08:00 ] ::1 /Data/UploadFiles/product/20171011/1507689613749372.jpg
NOTIC: [8] Use of undefined constant SHOW_PAGE_TRACE - assumed 'SHOW_PAGE_TRACE' /Applications/MAMP/htdocs/CMS-miniprogram/shop/App/Common/Conf/debug.php 第 4 行.
INFO: [ app_init ] --START--
INFO: Run Behavior\BuildLiteBehavior [ RunTime:0.000062s ]
INFO: [ app_init ] --END-- [ RunTime:0.000358s ]
ERR: 无法加载模块:Data

[ 2017-12-15T10:56:28+08:00 ] ::1 /Data/UploadFiles/product/20171010/1507622828341226.jpg
NOTIC: [8] Use of undefined constant SHOW_PAGE_TRACE - assumed 'SHOW_PAGE_TRACE' /Applications/MAMP/htdocs/CMS-miniprogram/shop/App/Common/Conf/debug.php 第 4 行.
INFO: [ app_init ] --START--
INFO: Run Behavior\BuildLiteBehavior [ RunTime:0.000057s ]
INFO: [ app_init ] --END-- [ RunTime:0.000345s ]
ERR: 无法加载模块:Data

[ 2017-12-15T10:56:28+08:00 ] ::1 /Data/UploadFiles/product/20171011/1507689599557234.jpg
NOTIC: [8] Use of undefined constant SHOW_PAGE_TRACE - assumed 'SHOW_PAGE_TRACE' /Applications/MAMP/htdocs/CMS-miniprogram/shop/App/Common/Conf/debug.php 第 4 行.
INFO: [ app_init ] --START--
INFO: Run Behavior\BuildLiteBehavior [ RunTime:0.000057s ]
INFO: [ app_init ] --END-- [ RunTime:0.000352s ]
ERR: 无法加载模块:Data

[ 2017-12-15T10:56:28+08:00 ] ::1 /Data/UploadFiles/product/20171011/1507689631161817.jpg
NOTIC: [8] Use of undefined constant SHOW_PAGE_TRACE - assumed 'SHOW_PAGE_TRACE' /Applications/MAMP/htdocs/CMS-miniprogram/shop/App/Common/Conf/debug.php 第 4 行.
INFO: [ app_init ] --START--
INFO: Run Behavior\BuildLiteBehavior [ RunTime:0.000063s ]
INFO: [ app_init ] --END-- [ RunTime:0.006171s ]
ERR: 无法加载模块:Data

[ 2017-12-15T10:56:28+08:00 ] ::1 /Data/UploadFiles/product/20171011/1507689649725183.jpg
NOTIC: [8] Use of undefined constant SHOW_PAGE_TRACE - assumed 'SHOW_PAGE_TRACE' /Applications/MAMP/htdocs/CMS-miniprogram/shop/App/Common/Conf/debug.php 第 4 行.
INFO: [ app_init ] --START--
INFO: Run Behavior\BuildLiteBehavior [ RunTime:0.000062s ]
INFO: [ app_init ] --END-- [ RunTime:0.000356s ]
ERR: 无法加载模块:Data

[ 2017-12-15T10:56:28+08:00 ] ::1 /Data/UploadFiles/product/20171011/1507689584925999.jpg
NOTIC: [8] Use of undefined constant SHOW_PAGE_TRACE - assumed 'SHOW_PAGE_TRACE' /Applications/MAMP/htdocs/CMS-miniprogram/shop/App/Common/Conf/debug.php 第 4 行.
INFO: [ app_init ] --START--
INFO: Run Behavior\BuildLiteBehavior [ RunTime:0.000041s ]
INFO: [ app_init ] --END-- [ RunTime:0.000317s ]
ERR: 无法加载模块:Data

[ 2017-12-15T10:56:28+08:00 ] ::1 /Data/UploadFiles/product/20171011/1507689537464455.jpg
NOTIC: [8] Use of undefined constant SHOW_PAGE_TRACE - assumed 'SHOW_PAGE_TRACE' /Applications/MAMP/htdocs/CMS-miniprogram/shop/App/Common/Conf/debug.php 第 4 行.
INFO: [ app_init ] --START--
INFO: Run Behavior\BuildLiteBehavior [ RunTime:0.000063s ]
INFO: [ app_init ] --END-- [ RunTime:0.000359s ]
ERR: 无法加载模块:Data

[ 2017-12-15T10:56:28+08:00 ] ::1 /Data/UploadFiles/product/20171011/1507689568371631.jpg
NOTIC: [8] Use of undefined constant SHOW_PAGE_TRACE - assumed 'SHOW_PAGE_TRACE' /Applications/MAMP/htdocs/CMS-miniprogram/shop/App/Common/Conf/debug.php 第 4 行.
INFO: [ app_init ] --START--
INFO: Run Behavior\BuildLiteBehavior [ RunTime:0.000064s ]
INFO: [ app_init ] --END-- [ RunTime:0.000368s ]
ERR: 无法加载模块:Data

[ 2017-12-15T10:56:28+08:00 ] ::1 /Data/UploadFiles/product/20171011/1507689354723466.jpg
NOTIC: [8] Use of undefined constant SHOW_PAGE_TRACE - assumed 'SHOW_PAGE_TRACE' /Applications/MAMP/htdocs/CMS-miniprogram/shop/App/Common/Conf/debug.php 第 4 行.
INFO: [ app_init ] --START--
INFO: Run Behavior\BuildLiteBehavior [ RunTime:0.000056s ]
INFO: [ app_init ] --END-- [ RunTime:0.000325s ]
ERR: 无法加载模块:Data

[ 2017-12-15T10:56:28+08:00 ] ::1 /Data/UploadFiles/product/20171011/1507689299415059.jpg
NOTIC: [8] Use of undefined constant SHOW_PAGE_TRACE - assumed 'SHOW_PAGE_TRACE' /Applications/MAMP/htdocs/CMS-miniprogram/shop/App/Common/Conf/debug.php 第 4 行.
INFO: [ app_init ] --START--
INFO: Run Behavior\BuildLiteBehavior [ RunTime:0.000059s ]
INFO: [ app_init ] --END-- [ RunTime:0.000362s ]
ERR: 无法加载模块:Data

[ 2017-12-15T10:56:28+08:00 ] ::1 /Data/UploadFiles/product/20171011/1507689276749750.jpg
NOTIC: [8] Use of undefined constant SHOW_PAGE_TRACE - assumed 'SHOW_PAGE_TRACE' /Applications/MAMP/htdocs/CMS-miniprogram/shop/App/Common/Conf/debug.php 第 4 行.
INFO: [ app_init ] --START--
INFO: Run Behavior\BuildLiteBehavior [ RunTime:0.000059s ]
INFO: [ app_init ] --END-- [ RunTime:0.000388s ]
ERR: 无法加载模块:Data

[ 2017-12-15T10:56:28+08:00 ] ::1 /Data/UploadFiles/product/20171011/1507689322202614.jpg
NOTIC: [8] Use of undefined constant SHOW_PAGE_TRACE - assumed 'SHOW_PAGE_TRACE' /Applications/MAMP/htdocs/CMS-miniprogram/shop/App/Common/Conf/debug.php 第 4 行.
INFO: [ app_init ] --START--
INFO: Run Behavior\BuildLiteBehavior [ RunTime:0.000064s ]
INFO: [ app_init ] --END-- [ RunTime:0.000376s ]
ERR: 无法加载模块:Data

[ 2017-12-15T10:56:29+08:00 ] ::1 /Data/UploadFiles/product/20171011/1507689151470787.jpg
NOTIC: [8] Use of undefined constant SHOW_PAGE_TRACE - assumed 'SHOW_PAGE_TRACE' /Applications/MAMP/htdocs/CMS-miniprogram/shop/App/Common/Conf/debug.php 第 4 行.
INFO: [ app_init ] --START--
INFO: Run Behavior\BuildLiteBehavior [ RunTime:0.000054s ]
INFO: [ app_init ] --END-- [ RunTime:0.000333s ]
ERR: 无法加载模块:Data

[ 2017-12-15T10:56:29+08:00 ] ::1 /Data/UploadFiles/product/20171011/1507688866690687.jpg
NOTIC: [8] Use of undefined constant SHOW_PAGE_TRACE - assumed 'SHOW_PAGE_TRACE' /Applications/MAMP/htdocs/CMS-miniprogram/shop/App/Common/Conf/debug.php 第 4 行.
INFO: [ app_init ] --START--
INFO: Run Behavior\BuildLiteBehavior [ RunTime:0.000057s ]
INFO: [ app_init ] --END-- [ RunTime:0.000349s ]
ERR: 无法加载模块:Data

[ 2017-12-15T10:56:29+08:00 ] ::1 /Data/UploadFiles/product/20171011/1507689201114378.jpg
NOTIC: [8] Use of undefined constant SHOW_PAGE_TRACE - assumed 'SHOW_PAGE_TRACE' /Applications/MAMP/htdocs/CMS-miniprogram/shop/App/Common/Conf/debug.php 第 4 行.
INFO: [ app_init ] --START--
INFO: Run Behavior\BuildLiteBehavior [ RunTime:0.000057s ]
INFO: [ app_init ] --END-- [ RunTime:0.000352s ]
ERR: 无法加载模块:Data

[ 2017-12-15T10:56:29+08:00 ] ::1 /Data/UploadFiles/product/20171011/1507688851788856.jpg
NOTIC: [8] Use of undefined constant SHOW_PAGE_TRACE - assumed 'SHOW_PAGE_TRACE' /Applications/MAMP/htdocs/CMS-miniprogram/shop/App/Common/Conf/debug.php 第 4 行.
INFO: [ app_init ] --START--
INFO: Run Behavior\BuildLiteBehavior [ RunTime:0.000061s ]
INFO: [ app_init ] --END-- [ RunTime:0.000367s ]
ERR: 无法加载模块:Data

[ 2017-12-15T10:56:29+08:00 ] ::1 /Data/UploadFiles/product/20171011/1507689229530913.jpg
NOTIC: [8] Use of undefined constant SHOW_PAGE_TRACE - assumed 'SHOW_PAGE_TRACE' /Applications/MAMP/htdocs/CMS-miniprogram/shop/App/Common/Conf/debug.php 第 4 行.
INFO: [ app_init ] --START--
INFO: Run Behavior\BuildLiteBehavior [ RunTime:0.000063s ]
INFO: [ app_init ] --END-- [ RunTime:0.000367s ]
ERR: 无法加载模块:Data

[ 2017-12-15T10:56:30+08:00 ] ::1 /Data/UploadFiles/product/20171011/1507689905183591.jpg
NOTIC: [8] Use of undefined constant SHOW_PAGE_TRACE - assumed 'SHOW_PAGE_TRACE' /Applications/MAMP/htdocs/CMS-miniprogram/shop/App/Common/Conf/debug.php 第 4 行.
INFO: [ app_init ] --START--
INFO: Run Behavior\BuildLiteBehavior [ RunTime:0.000063s ]
INFO: [ app_init ] --END-- [ RunTime:0.000377s ]
ERR: 无法加载模块:Data

[ 2017-12-15T10:56:30+08:00 ] ::1 /Data/UploadFiles/product/20171011/1507689787945712.jpg
NOTIC: [8] Use of undefined constant SHOW_PAGE_TRACE - assumed 'SHOW_PAGE_TRACE' /Applications/MAMP/htdocs/CMS-miniprogram/shop/App/Common/Conf/debug.php 第 4 行.
INFO: [ app_init ] --START--
INFO: Run Behavior\BuildLiteBehavior [ RunTime:0.000062s ]
INFO: [ app_init ] --END-- [ RunTime:0.000359s ]
ERR: 无法加载模块:Data

[ 2017-12-15T10:56:30+08:00 ] ::1 /Data/UploadFiles/product/20171011/1507689886569945.jpg
NOTIC: [8] Use of undefined constant SHOW_PAGE_TRACE - assumed 'SHOW_PAGE_TRACE' /Applications/MAMP/htdocs/CMS-miniprogram/shop/App/Common/Conf/debug.php 第 4 行.
INFO: [ app_init ] --START--
INFO: Run Behavior\BuildLiteBehavior [ RunTime:0.000060s ]
INFO: [ app_init ] --END-- [ RunTime:0.000344s ]
ERR: 无法加载模块:Data

[ 2017-12-15T10:56:30+08:00 ] ::1 /Data/UploadFiles/product/20171011/1507689813265184.jpg
NOTIC: [8] Use of undefined constant SHOW_PAGE_TRACE - assumed 'SHOW_PAGE_TRACE' /Applications/MAMP/htdocs/CMS-miniprogram/shop/App/Common/Conf/debug.php 第 4 行.
INFO: [ app_init ] --START--
INFO: Run Behavior\BuildLiteBehavior [ RunTime:0.000062s ]
INFO: [ app_init ] --END-- [ RunTime:0.000360s ]
ERR: 无法加载模块:Data

[ 2017-12-15T10:56:30+08:00 ] ::1 /Data/UploadFiles/product/20171011/1507689864657758.jpg
NOTIC: [8] Use of undefined constant SHOW_PAGE_TRACE - assumed 'SHOW_PAGE_TRACE' /Applications/MAMP/htdocs/CMS-miniprogram/shop/App/Common/Conf/debug.php 第 4 行.
INFO: [ app_init ] --START--
INFO: Run Behavior\BuildLiteBehavior [ RunTime:0.000109s ]
INFO: [ app_init ] --END-- [ RunTime:0.000495s ]
ERR: 无法加载模块:Data

[ 2017-12-15T10:56:31+08:00 ] ::1 /Data/UploadFiles/product/20171011/1507689670436745.jpg
NOTIC: [8] Use of undefined constant SHOW_PAGE_TRACE - assumed 'SHOW_PAGE_TRACE' /Applications/MAMP/htdocs/CMS-miniprogram/shop/App/Common/Conf/debug.php 第 4 行.
INFO: [ app_init ] --START--
INFO: Run Behavior\BuildLiteBehavior [ RunTime:0.000042s ]
INFO: [ app_init ] --END-- [ RunTime:0.000233s ]
ERR: 无法加载模块:Data

[ 2017-12-15T10:56:31+08:00 ] ::1 /Data/UploadFiles/product/20171011/1507689649725183.jpg
NOTIC: [8] Use of undefined constant SHOW_PAGE_TRACE - assumed 'SHOW_PAGE_TRACE' /Applications/MAMP/htdocs/CMS-miniprogram/shop/App/Common/Conf/debug.php 第 4 行.
INFO: [ app_init ] --START--
INFO: Run Behavior\BuildLiteBehavior [ RunTime:0.000066s ]
INFO: [ app_init ] --END-- [ RunTime:0.000437s ]
ERR: 无法加载模块:Data

[ 2017-12-15T10:56:31+08:00 ] ::1 /Data/UploadFiles/product/20171011/1507689613749372.jpg
NOTIC: [8] Use of undefined constant SHOW_PAGE_TRACE - assumed 'SHOW_PAGE_TRACE' /Applications/MAMP/htdocs/CMS-miniprogram/shop/App/Common/Conf/debug.php 第 4 行.
INFO: [ app_init ] --START--
INFO: Run Behavior\BuildLiteBehavior [ RunTime:0.000055s ]
INFO: [ app_init ] --END-- [ RunTime:0.000335s ]
ERR: 无法加载模块:Data

[ 2017-12-15T10:56:31+08:00 ] ::1 /Data/UploadFiles/product/20171010/1507622828341226.jpg
NOTIC: [8] Use of undefined constant SHOW_PAGE_TRACE - assumed 'SHOW_PAGE_TRACE' /Applications/MAMP/htdocs/CMS-miniprogram/shop/App/Common/Conf/debug.php 第 4 行.
INFO: [ app_init ] --START--
INFO: Run Behavior\BuildLiteBehavior [ RunTime:0.000063s ]
INFO: [ app_init ] --END-- [ RunTime:0.000373s ]
ERR: 无法加载模块:Data

[ 2017-12-15T10:56:31+08:00 ] ::1 /Data/UploadFiles/product/20171011/1507689631161817.jpg
NOTIC: [8] Use of undefined constant SHOW_PAGE_TRACE - assumed 'SHOW_PAGE_TRACE' /Applications/MAMP/htdocs/CMS-miniprogram/shop/App/Common/Conf/debug.php 第 4 行.
INFO: [ app_init ] --START--
INFO: Run Behavior\BuildLiteBehavior [ RunTime:0.000063s ]
INFO: [ app_init ] --END-- [ RunTime:0.000538s ]
ERR: 无法加载模块:Data

[ 2017-12-15T10:56:31+08:00 ] ::1 /Data/UploadFiles/product/20171011/1507689599557234.jpg
NOTIC: [8] Use of undefined constant SHOW_PAGE_TRACE - assumed 'SHOW_PAGE_TRACE' /Applications/MAMP/htdocs/CMS-miniprogram/shop/App/Common/Conf/debug.php 第 4 行.
INFO: [ app_init ] --START--
INFO: Run Behavior\BuildLiteBehavior [ RunTime:0.000041s ]
INFO: [ app_init ] --END-- [ RunTime:0.000229s ]
ERR: 无法加载模块:Data

[ 2017-12-15T10:56:31+08:00 ] ::1 /Data/UploadFiles/product/20171011/1507689584925999.jpg
NOTIC: [8] Use of undefined constant SHOW_PAGE_TRACE - assumed 'SHOW_PAGE_TRACE' /Applications/MAMP/htdocs/CMS-miniprogram/shop/App/Common/Conf/debug.php 第 4 行.
INFO: [ app_init ] --START--
INFO: Run Behavior\BuildLiteBehavior [ RunTime:0.000046s ]
INFO: [ app_init ] --END-- [ RunTime:0.000243s ]
ERR: 无法加载模块:Data

[ 2017-12-15T10:56:31+08:00 ] ::1 /Data/UploadFiles/product/20171011/1507689568371631.jpg
NOTIC: [8] Use of undefined constant SHOW_PAGE_TRACE - assumed 'SHOW_PAGE_TRACE' /Applications/MAMP/htdocs/CMS-miniprogram/shop/App/Common/Conf/debug.php 第 4 行.
INFO: [ app_init ] --START--
INFO: Run Behavior\BuildLiteBehavior [ RunTime:0.000066s ]
INFO: [ app_init ] --END-- [ RunTime:0.000374s ]
ERR: 无法加载模块:Data

[ 2017-12-15T10:56:31+08:00 ] ::1 /Data/UploadFiles/product/20171011/1507689354723466.jpg
NOTIC: [8] Use of undefined constant SHOW_PAGE_TRACE - assumed 'SHOW_PAGE_TRACE' /Applications/MAMP/htdocs/CMS-miniprogram/shop/App/Common/Conf/debug.php 第 4 行.
INFO: [ app_init ] --START--
INFO: Run Behavior\BuildLiteBehavior [ RunTime:0.000059s ]
INFO: [ app_init ] --END-- [ RunTime:0.000354s ]
ERR: 无法加载模块:Data

[ 2017-12-15T10:56:31+08:00 ] ::1 /Data/UploadFiles/product/20171011/1507689537464455.jpg
NOTIC: [8] Use of undefined constant SHOW_PAGE_TRACE - assumed 'SHOW_PAGE_TRACE' /Applications/MAMP/htdocs/CMS-miniprogram/shop/App/Common/Conf/debug.php 第 4 行.
INFO: [ app_init ] --START--
INFO: Run Behavior\BuildLiteBehavior [ RunTime:0.000062s ]
INFO: [ app_init ] --END-- [ RunTime:0.000371s ]
ERR: 无法加载模块:Data

[ 2017-12-15T10:56:31+08:00 ] ::1 /Data/UploadFiles/product/20171011/1507689322202614.jpg
NOTIC: [8] Use of undefined constant SHOW_PAGE_TRACE - assumed 'SHOW_PAGE_TRACE' /Applications/MAMP/htdocs/CMS-miniprogram/shop/App/Common/Conf/debug.php 第 4 行.
INFO: [ app_init ] --START--
INFO: Run Behavior\BuildLiteBehavior [ RunTime:0.000042s ]
INFO: [ app_init ] --END-- [ RunTime:0.000235s ]
ERR: 无法加载模块:Data

[ 2017-12-15T10:56:31+08:00 ] ::1 /Data/UploadFiles/product/20171011/1507689299415059.jpg
NOTIC: [8] Use of undefined constant SHOW_PAGE_TRACE - assumed 'SHOW_PAGE_TRACE' /Applications/MAMP/htdocs/CMS-miniprogram/shop/App/Common/Conf/debug.php 第 4 行.
INFO: [ app_init ] --START--
INFO: Run Behavior\BuildLiteBehavior [ RunTime:0.000037s ]
INFO: [ app_init ] --END-- [ RunTime:0.000204s ]
ERR: 无法加载模块:Data

[ 2017-12-15T10:56:31+08:00 ] ::1 /Data/UploadFiles/product/20171011/1507689276749750.jpg
NOTIC: [8] Use of undefined constant SHOW_PAGE_TRACE - assumed 'SHOW_PAGE_TRACE' /Applications/MAMP/htdocs/CMS-miniprogram/shop/App/Common/Conf/debug.php 第 4 行.
INFO: [ app_init ] --START--
INFO: Run Behavior\BuildLiteBehavior [ RunTime:0.000074s ]
INFO: [ app_init ] --END-- [ RunTime:0.001004s ]
ERR: 无法加载模块:Data

[ 2017-12-15T10:56:31+08:00 ] ::1 /Data/UploadFiles/product/20171011/1507689229530913.jpg
NOTIC: [8] Use of undefined constant SHOW_PAGE_TRACE - assumed 'SHOW_PAGE_TRACE' /Applications/MAMP/htdocs/CMS-miniprogram/shop/App/Common/Conf/debug.php 第 4 行.
INFO: [ app_init ] --START--
INFO: Run Behavior\BuildLiteBehavior [ RunTime:0.000062s ]
INFO: [ app_init ] --END-- [ RunTime:0.000368s ]
ERR: 无法加载模块:Data

[ 2017-12-15T10:56:31+08:00 ] ::1 /Data/UploadFiles/product/20171011/1507689151470787.jpg
NOTIC: [8] Use of undefined constant SHOW_PAGE_TRACE - assumed 'SHOW_PAGE_TRACE' /Applications/MAMP/htdocs/CMS-miniprogram/shop/App/Common/Conf/debug.php 第 4 行.
INFO: [ app_init ] --START--
INFO: Run Behavior\BuildLiteBehavior [ RunTime:0.000065s ]
INFO: [ app_init ] --END-- [ RunTime:0.000364s ]
ERR: 无法加载模块:Data

[ 2017-12-15T10:56:31+08:00 ] ::1 /Data/UploadFiles/product/20171011/1507689201114378.jpg
NOTIC: [8] Use of undefined constant SHOW_PAGE_TRACE - assumed 'SHOW_PAGE_TRACE' /Applications/MAMP/htdocs/CMS-miniprogram/shop/App/Common/Conf/debug.php 第 4 行.
INFO: [ app_init ] --START--
INFO: Run Behavior\BuildLiteBehavior [ RunTime:0.000066s ]
INFO: [ app_init ] --END-- [ RunTime:0.000384s ]
ERR: 无法加载模块:Data

[ 2017-12-15T10:56:31+08:00 ] ::1 /Data/UploadFiles/product/20171011/1507688866690687.jpg
NOTIC: [8] Use of undefined constant SHOW_PAGE_TRACE - assumed 'SHOW_PAGE_TRACE' /Applications/MAMP/htdocs/CMS-miniprogram/shop/App/Common/Conf/debug.php 第 4 行.
INFO: [ app_init ] --START--
INFO: Run Behavior\BuildLiteBehavior [ RunTime:0.000067s ]
INFO: [ app_init ] --END-- [ RunTime:0.000376s ]
ERR: 无法加载模块:Data

[ 2017-12-15T10:56:31+08:00 ] ::1 /Data/UploadFiles/product/20171011/1507688851788856.jpg
NOTIC: [8] Use of undefined constant SHOW_PAGE_TRACE - assumed 'SHOW_PAGE_TRACE' /Applications/MAMP/htdocs/CMS-miniprogram/shop/App/Common/Conf/debug.php 第 4 行.
INFO: [ app_init ] --START--
INFO: Run Behavior\BuildLiteBehavior [ RunTime:0.000061s ]
INFO: [ app_init ] --END-- [ RunTime:0.000447s ]
ERR: 无法加载模块:Data

[ 2017-12-15T10:56:31+08:00 ] ::1 /Data/UploadFiles/product/20171011/1507688828312781.jpg
NOTIC: [8] Use of undefined constant SHOW_PAGE_TRACE - assumed 'SHOW_PAGE_TRACE' /Applications/MAMP/htdocs/CMS-miniprogram/shop/App/Common/Conf/debug.php 第 4 行.
INFO: [ app_init ] --START--
INFO: Run Behavior\BuildLiteBehavior [ RunTime:0.000058s ]
INFO: [ app_init ] --END-- [ RunTime:0.000357s ]
ERR: 无法加载模块:Data

