[ 2017-09-29T16:09:02+08:00 ] 210.12.125.246 /lib/jquery/1.9.1/jquery.min.js
NOTIC: [8] Use of undefined constant SHOW_PAGE_TRACE - assumed 'SHOW_PAGE_TRACE' /data/www/cms.joyfamily.com.cn/App/Common/Conf/debug.php 第 4 行.
INFO: [ app_init ] --START--
INFO: Run Behavior\BuildLiteBehavior [ RunTime:0.000021s ]
INFO: [ app_init ] --END-- [ RunTime:0.000085s ]
ERR: 无法加载模块:Lib

[ 2017-09-29T16:09:02+08:00 ] 210.12.125.246 /static/h-ui/js/H-ui.min.js
NOTIC: [8] Use of undefined constant SHOW_PAGE_TRACE - assumed 'SHOW_PAGE_TRACE' /data/www/cms.joyfamily.com.cn/App/Common/Conf/debug.php 第 4 行.
INFO: [ app_init ] --START--
INFO: Run Behavior\BuildLiteBehavior [ RunTime:0.000019s ]
INFO: [ app_init ] --END-- [ RunTime:0.000077s ]
ERR: 无法加载模块:Static

[ 2017-09-29T16:09:02+08:00 ] 210.12.125.246 /static/h-ui/js/H-ui.min.js
NOTIC: [8] Use of undefined constant SHOW_PAGE_TRACE - assumed 'SHOW_PAGE_TRACE' /data/www/cms.joyfamily.com.cn/App/Common/Conf/debug.php 第 4 行.
INFO: [ app_init ] --START--
INFO: Run Behavior\BuildLiteBehavior [ RunTime:0.000010s ]
INFO: [ app_init ] --END-- [ RunTime:0.000043s ]
ERR: 无法加载模块:Static

[ 2017-09-29T16:09:03+08:00 ] 210.12.125.246 /favicon.ico
NOTIC: [8] Use of undefined constant SHOW_PAGE_TRACE - assumed 'SHOW_PAGE_TRACE' /data/www/cms.joyfamily.com.cn/App/Common/Conf/debug.php 第 4 行.
INFO: [ app_init ] --START--
INFO: Run Behavior\BuildLiteBehavior [ RunTime:0.000052s ]
INFO: [ app_init ] --END-- [ RunTime:0.000104s ]
ERR: 无法加载模块:Favicon

[ 2017-09-29T19:01:32+08:00 ] 210.12.125.246 /favicon.ico
NOTIC: [8] Use of undefined constant SHOW_PAGE_TRACE - assumed 'SHOW_PAGE_TRACE' /data/www/cms.joyfamily.com.cn/App/Common/Conf/debug.php 第 4 行.
INFO: [ app_init ] --START--
INFO: Run Behavior\BuildLiteBehavior [ RunTime:0.000021s ]
INFO: [ app_init ] --END-- [ RunTime:0.000058s ]
ERR: 无法加载模块:Favicon

[ 2017-09-29T19:38:29+08:00 ] 141.8.132.33 /robots.txt
NOTIC: [8] Use of undefined constant SHOW_PAGE_TRACE - assumed 'SHOW_PAGE_TRACE' /data/www/cms.joyfamily.com.cn/App/Common/Conf/debug.php 第 4 行.
INFO: [ app_init ] --START--
INFO: Run Behavior\BuildLiteBehavior [ RunTime:0.000018s ]
INFO: [ app_init ] --END-- [ RunTime:0.000058s ]
ERR: 无法加载模块:Robots

